0 info it worked if it ends with ok
1 verbose cli [ 'C:\\Program Files\\nodejs\\node.exe',
1 verbose cli   'C:\\Users\\B4RL1V3\\AppData\\Roaming\\npm\\node_modules\\npm\\bin\\npm-cli.js',
1 verbose cli   'start' ]
2 info using npm@4.0.5
3 info using node@v6.9.2
4 verbose run-script [ 'prestart', 'start', 'poststart' ]
5 info lifecycle webpack@1.0.0~prestart: webpack@1.0.0
6 silly lifecycle webpack@1.0.0~prestart: no script for prestart, continuing
7 info lifecycle webpack@1.0.0~start: webpack@1.0.0
8 verbose lifecycle webpack@1.0.0~start: unsafe-perm in lifecycle true
9 verbose lifecycle webpack@1.0.0~start: PATH: C:\Users\B4RL1V3\AppData\Roaming\npm\node_modules\npm\bin\node-gyp-bin;D:\M2-MIAGE\ASCI-Web\webpack\node_modules\.bin;C:\ProgramData\Oracle\product\bin;C:\ProgramData\Oracle\Java\javapath;C:\WINDOWS\system32;C:\WINDOWS;C:\WINDOWS\System32\Wbem;C:\WINDOWS\System32\WindowsPowerShell\v1.0\;C:\Program Files (x86)\Skype\Phone\;"C:\Program Files (x86)\Java\jdk1.8.0_73\bin";C:\Program Files\Intel\WiFi\bin\;C:\Program Files\Common Files\Intel\WirelessCommon\;C:\Program Files\Git\cmd;C:\Program Files (x86)\Heroku\bin;C:\Program Files (x86)\git\cmd;C:\Program Files (x86)\Git\cmd;C:\Program Files\nodejs\;C:\Users\B4RL1V3\Anaconda2;C:\Users\B4RL1V3\Anaconda2\Scripts;C:\Users\B4RL1V3\Anaconda2\Library\bin;C:\Program Files\Intel\WiFi\bin\;C:\Program Files\Common Files\Intel\WirelessCommon\;C:\Users\B4RL1V3\AppData\Local\Microsoft\WindowsApps;C:\Program Files\MongoDB\Server\3.2\bin;C:\Users\B4RL1V3\AppData\Local\.meteor\;C:\Users\B4RL1V3\AppData\Local\Android\android-sdk\platform-tools;C:\Users\B4RL1V3\AppData\Roaming\npm
10 verbose lifecycle webpack@1.0.0~start: CWD: D:\M2-MIAGE\ASCI-Web\webpack
11 silly lifecycle webpack@1.0.0~start: Args: [ '/d /s /c', 'webpack-dev-server' ]
12 silly lifecycle webpack@1.0.0~start: Returned: code: 3221225786  signal: null
13 info lifecycle webpack@1.0.0~start: Failed to exec start script
14 verbose stack Error: webpack@1.0.0 start: `webpack-dev-server`
14 verbose stack Exit status 3221225786
14 verbose stack     at EventEmitter.<anonymous> (C:\Users\B4RL1V3\AppData\Roaming\npm\node_modules\npm\lib\utils\lifecycle.js:279:16)
14 verbose stack     at emitTwo (events.js:106:13)
14 verbose stack     at EventEmitter.emit (events.js:191:7)
14 verbose stack     at ChildProcess.<anonymous> (C:\Users\B4RL1V3\AppData\Roaming\npm\node_modules\npm\lib\utils\spawn.js:40:14)
14 verbose stack     at emitTwo (events.js:106:13)
14 verbose stack     at ChildProcess.emit (events.js:191:7)
14 verbose stack     at maybeClose (internal/child_process.js:877:16)
14 verbose stack     at Process.ChildProcess._handle.onexit (internal/child_process.js:226:5)
15 verbose pkgid webpack@1.0.0
16 verbose cwd D:\M2-MIAGE\ASCI-Web\webpack
17 error Windows_NT 10.0.14393
18 error argv "C:\\Program Files\\nodejs\\node.exe" "C:\\Users\\B4RL1V3\\AppData\\Roaming\\npm\\node_modules\\npm\\bin\\npm-cli.js" "start"
19 error node v6.9.2
20 error npm  v4.0.5
21 error code ELIFECYCLE
22 error webpack@1.0.0 start: `webpack-dev-server`
22 error Exit status 3221225786
23 error Failed at the webpack@1.0.0 start script 'webpack-dev-server'.
23 error Make sure you have the latest version of node.js and npm installed.
23 error If you do, this is most likely a problem with the webpack package,
23 error not with npm itself.
23 error Tell the author that this fails on your system:
23 error     webpack-dev-server
23 error You can get information on how to open an issue for this project with:
23 error     npm bugs webpack
23 error Or if that isn't available, you can get their info via:
23 error     npm owner ls webpack
23 error There is likely additional logging output above.
24 verbose exit [ 1, true ]
